2024-11-18 10:13:55,733 - INFO - 서버 시작
2024-11-18 10:13:55,734 - INFO - 메뉴 데이터 로드 성공
2024-11-18 10:13:55,738 - INFO - 초기 크롤링 스케줄러 설정 완료 (월요일 5-6시, 30분 간격)
2024-11-18 10:13:55,739 - INFO - 재시도 크롤링 스케줄러 설정 완료 (월요일 7-23시, 1시간 간격)
2024-11-18 10:13:55,740 - INFO - 스케줄러 시작됨
2024-11-18 10:19:02,995 - INFO - 서버 시작
2024-11-18 10:19:02,996 - INFO - 메뉴 데이터 로드 성공
2024-11-18 10:19:02,997 - INFO - 초기 크롤링 스케줄러 설정 완료 (월요일 5-6시, 30분 간격)
2024-11-18 10:19:02,998 - INFO - 재시도 크롤링 스케줄러 설정 완료 (월요일 7-23시, 1시간 간격)
2024-11-18 10:19:02,998 - INFO - 스케줄러 시작됨
2024-11-18 10:19:20,455 - INFO - 서버 시작
2024-11-18 10:19:20,456 - INFO - 메뉴 데이터 로드 성공
2024-11-18 10:19:20,457 - INFO - 초기 크롤링 스케줄러 설정 완료 (월요일 5-6시, 30분 간격)
2024-11-18 10:19:20,458 - INFO - 재시도 크롤링 스케줄러 설정 완료 (월요일 7-23시, 1시간 간격)
2024-11-18 10:19:20,458 - INFO - 스케줄러 시작됨
2024-11-18 10:19:20,814 - INFO - 서버 시작
2024-11-18 10:19:20,814 - INFO - 메뉴 데이터 로드 성공
2024-11-18 10:19:20,816 - INFO - 초기 크롤링 스케줄러 설정 완료 (월요일 5-6시, 30분 간격)
2024-11-18 10:19:20,816 - INFO - 재시도 크롤링 스케줄러 설정 완료 (월요일 7-23시, 1시간 간격)
2024-11-18 10:19:20,817 - INFO - 스케줄러 시작됨
2024-11-18 11:13:23,488 - INFO - 서버 시작
2024-11-18 11:13:23,490 - INFO - 저장된 메뉴가 오래됨, 새로운 크롤링 시작
2024-11-18 11:13:23,490 - INFO - 크롤링 시작
2024-11-18 11:13:23,953 - INFO - 크롤링 성공: 2024-11-18 11:13:23.953602
2024-11-18 11:13:23,956 - INFO - 초기 크롤링 스케줄러 설정 완료 (월요일 5-6시, 30분 간격)
2024-11-18 11:13:23,956 - INFO - 재시도 크롤링 스케줄러 설정 완료 (월요일 7-23시, 1시간 간격)
2024-11-18 11:13:23,957 - INFO - 스케줄러 시작됨
2024-11-18 11:13:24,350 - INFO - 서버 시작
2024-11-18 11:13:24,351 - INFO - 저장된 메뉴가 오래됨, 새로운 크롤링 시작
2024-11-18 11:13:24,351 - INFO - 크롤링 시작
2024-11-18 11:13:24,675 - INFO - 크롤링 성공: 2024-11-18 11:13:24.675647
2024-11-18 11:13:24,677 - INFO - 초기 크롤링 스케줄러 설정 완료 (월요일 5-6시, 30분 간격)
2024-11-18 11:13:24,677 - INFO - 재시도 크롤링 스케줄러 설정 완료 (월요일 7-23시, 1시간 간격)
2024-11-18 11:13:24,678 - INFO - 스케줄러 시작됨
2024-11-18 11:17:35,031 - INFO - 서버 시작
2024-11-18 11:17:35,036 - INFO - 저장된 메뉴가 오래됨, 새로운 크롤링 시작
2024-11-18 11:17:35,036 - INFO - 크롤링 시작
2024-11-18 11:17:35,259 - INFO - 크롤링 성공: 2024-11-18 11:17:35.258933
2024-11-18 11:17:35,263 - INFO - 초기 크롤링 스케줄러 설정 완료 (월요일 5-6시, 30분 간격)
2024-11-18 11:17:35,264 - INFO - 재시도 크롤링 스케줄러 설정 완료 (월요일 7-23시, 1시간 간격)
2024-11-18 11:17:35,267 - INFO - 스케줄러 시작됨
2024-11-18 11:21:02,211 - INFO - 서버 시작
2024-11-18 11:21:02,213 - INFO - 저장된 메뉴가 오래됨, 새로운 크롤링 시작
2024-11-18 11:21:02,213 - INFO - 크롤링 시작
2024-11-18 11:21:02,363 - INFO - 크롤링 성공: 2024-11-18 11:21:02.363849
2024-11-18 11:21:02,366 - INFO - 초기 크롤링 스케줄러 설정 완료 (월요일 5-6시, 30분 간격)
2024-11-18 11:21:02,366 - INFO - 재시도 크롤링 스케줄러 설정 완료 (월요일 7-23시, 1시간 간격)
2024-11-18 11:21:02,367 - INFO - 스케줄러 시작됨
2024-11-18 11:21:02,723 - INFO - 서버 시작
2024-11-18 11:21:02,724 - INFO - 저장된 메뉴가 오래됨, 새로운 크롤링 시작
2024-11-18 11:21:02,724 - INFO - 크롤링 시작
2024-11-18 11:21:02,865 - INFO - 크롤링 성공: 2024-11-18 11:21:02.865480
2024-11-18 11:21:02,867 - INFO - 초기 크롤링 스케줄러 설정 완료 (월요일 5-6시, 30분 간격)
2024-11-18 11:21:02,867 - INFO - 재시도 크롤링 스케줄러 설정 완료 (월요일 7-23시, 1시간 간격)
2024-11-18 11:21:02,868 - INFO - 스케줄러 시작됨
2024-11-18 12:32:52,171 - INFO - 서버 시작
2024-11-18 12:32:52,172 - INFO - 저장된 메뉴가 오래됨, 새로운 크롤링 시작
2024-11-18 12:32:52,172 - INFO - 크롤링 시작
2024-11-18 12:32:52,354 - INFO - 크롤링 성공: 2024-11-18 12:32:52.354448
2024-11-18 12:32:52,356 - INFO - 초기 크롤링 스케줄러 설정 완료 (월요일 5-6시, 30분 간격)
2024-11-18 12:32:52,356 - INFO - 재시도 크롤링 스케줄러 설정 완료 (월요일 7-23시, 1시간 간격)
2024-11-18 12:32:52,357 - INFO - 스케줄러 시작됨
2024-11-18 12:32:52,760 - INFO - 서버 시작
2024-11-18 12:32:52,761 - INFO - 저장된 메뉴가 오래됨, 새로운 크롤링 시작
2024-11-18 12:32:52,761 - INFO - 크롤링 시작
2024-11-18 12:32:53,111 - INFO - 크롤링 성공: 2024-11-18 12:32:53.111300
2024-11-18 12:32:53,113 - INFO - 초기 크롤링 스케줄러 설정 완료 (월요일 5-6시, 30분 간격)
2024-11-18 12:32:53,113 - INFO - 재시도 크롤링 스케줄러 설정 완료 (월요일 7-23시, 1시간 간격)
2024-11-18 12:32:53,113 - INFO - 스케줄러 시작됨
2025-03-04 04:40:36,322 - INFO - 서버 시작
2025-03-04 04:40:36,324 - INFO - 저장된 메뉴가 오래됨, 새로운 크롤링 시작
2025-03-04 04:40:36,324 - INFO - 크롤링 시작
2025-03-04 04:40:36,522 - INFO - 크롤링 성공: 2025-03-04 04:40:36.522005
2025-03-04 04:40:36,523 - INFO - 초기 크롤링 스케줄러 설정 완료 (월요일 5-6시, 30분 간격)
2025-03-04 04:40:36,523 - INFO - 재시도 크롤링 스케줄러 설정 완료 (월요일 7-23시, 1시간 간격)
2025-03-04 04:40:36,524 - INFO - 스케줄러 시작됨
2025-03-04 04:40:36,765 - INFO - 서버 시작
2025-03-04 04:40:36,765 - INFO - 저장된 메뉴가 오래됨, 새로운 크롤링 시작
2025-03-04 04:40:36,765 - INFO - 크롤링 시작
2025-03-04 04:40:36,897 - INFO - 크롤링 성공: 2025-03-04 04:40:36.897493
2025-03-04 04:40:36,899 - INFO - 초기 크롤링 스케줄러 설정 완료 (월요일 5-6시, 30분 간격)
2025-03-04 04:40:36,899 - INFO - 재시도 크롤링 스케줄러 설정 완료 (월요일 7-23시, 1시간 간격)
2025-03-04 04:40:36,899 - INFO - 스케줄러 시작됨
2025-03-04 04:40:45,504 - INFO - 서버 시작
2025-03-04 04:40:45,505 - INFO - 저장된 메뉴가 오래됨, 새로운 크롤링 시작
2025-03-04 04:40:45,505 - INFO - 크롤링 시작
2025-03-04 04:40:45,670 - INFO - 크롤링 성공: 2025-03-04 04:40:45.670240
2025-03-04 04:40:45,671 - INFO - 초기 크롤링 스케줄러 설정 완료 (월요일 5-6시, 30분 간격)
2025-03-04 04:40:45,671 - INFO - 재시도 크롤링 스케줄러 설정 완료 (월요일 7-23시, 1시간 간격)
2025-03-04 04:40:45,672 - INFO - 스케줄러 시작됨
2025-03-04 04:40:45,909 - INFO - 서버 시작
2025-03-04 04:40:45,909 - INFO - 저장된 메뉴가 오래됨, 새로운 크롤링 시작
2025-03-04 04:40:45,910 - INFO - 크롤링 시작
2025-03-04 04:40:46,040 - INFO - 크롤링 성공: 2025-03-04 04:40:46.040612
2025-03-04 04:40:46,042 - INFO - 초기 크롤링 스케줄러 설정 완료 (월요일 5-6시, 30분 간격)
2025-03-04 04:40:46,042 - INFO - 재시도 크롤링 스케줄러 설정 완료 (월요일 7-23시, 1시간 간격)
2025-03-04 04:40:46,043 - INFO - 스케줄러 시작됨
2025-03-04 05:22:50,551 - INFO - 서버 시작
2025-03-04 05:22:50,552 - INFO - 저장된 메뉴가 오래됨, 새로운 크롤링 시작
2025-03-04 05:22:50,552 - INFO - 크롤링 시작
2025-03-04 05:22:50,701 - INFO - 크롤링 성공: 2025-03-04 05:22:50.701306
2025-03-04 05:22:50,703 - INFO - 초기 크롤링 스케줄러 설정 완료 (월요일 5-6시, 30분 간격)
2025-03-04 05:22:50,703 - INFO - 재시도 크롤링 스케줄러 설정 완료 (월요일 7-23시, 1시간 간격)
2025-03-04 05:22:50,704 - INFO - 스케줄러 시작됨
2025-03-04 05:22:50,981 - INFO - 서버 시작
2025-03-04 05:22:50,982 - INFO - 저장된 메뉴가 오래됨, 새로운 크롤링 시작
2025-03-04 05:22:50,982 - INFO - 크롤링 시작
2025-03-04 05:22:51,100 - INFO - 크롤링 성공: 2025-03-04 05:22:51.100828
2025-03-04 05:22:51,102 - INFO - 초기 크롤링 스케줄러 설정 완료 (월요일 5-6시, 30분 간격)
2025-03-04 05:22:51,102 - INFO - 재시도 크롤링 스케줄러 설정 완료 (월요일 7-23시, 1시간 간격)
2025-03-04 05:22:51,102 - INFO - 스케줄러 시작됨
2025-03-04 11:02:09,003 - INFO - 서버 시작
2025-03-04 11:02:09,005 - INFO - 저장된 메뉴가 오래됨, 새로운 크롤링 시작
2025-03-04 11:02:09,005 - INFO - 크롤링 시작
2025-03-04 11:02:10,307 - INFO - 크롤링 성공: 2025-03-04 11:02:10.307337
2025-03-04 11:02:10,309 - INFO - 초기 크롤링 스케줄러 설정 완료 (월요일 5-6시, 30분 간격)
2025-03-04 11:02:10,309 - INFO - 재시도 크롤링 스케줄러 설정 완료 (월요일 7-23시, 1시간 간격)
2025-03-04 11:02:10,310 - INFO - 스케줄러 시작됨
2025-03-04 11:02:10,577 - INFO - 서버 시작
2025-03-04 11:02:10,578 - INFO - 저장된 메뉴가 오래됨, 새로운 크롤링 시작
2025-03-04 11:02:10,578 - INFO - 크롤링 시작
2025-03-04 11:02:10,810 - INFO - 크롤링 성공: 2025-03-04 11:02:10.810412
2025-03-04 11:02:10,811 - INFO - 초기 크롤링 스케줄러 설정 완료 (월요일 5-6시, 30분 간격)
2025-03-04 11:02:10,812 - INFO - 재시도 크롤링 스케줄러 설정 완료 (월요일 7-23시, 1시간 간격)
2025-03-04 11:02:10,813 - INFO - 스케줄러 시작됨
2025-09-29 14:38:34,808 - INFO - 서버 시작
2025-09-29 14:38:34,809 - INFO - 저장된 메뉴가 오래됨, 새로운 크롤링 시작
2025-09-29 14:38:34,809 - INFO - 크롤링 시작
2025-09-29 14:38:35,503 - INFO - 크롤링 성공: 2025-09-29 14:38:35.503656
2025-09-29 14:38:35,506 - INFO - 초기 크롤링 스케줄러 설정 완료 (월요일 5-6시, 30분 간격)
2025-09-29 14:38:35,506 - INFO - 재시도 크롤링 스케줄러 설정 완료 (월요일 7-23시, 1시간 간격)
2025-09-29 14:38:35,507 - INFO - 스케줄러 시작됨
2025-09-29 14:38:35,905 - INFO - 서버 시작
2025-09-29 14:38:35,907 - INFO - 저장된 메뉴가 오래됨, 새로운 크롤링 시작
2025-09-29 14:38:35,907 - INFO - 크롤링 시작
2025-09-29 14:38:36,522 - INFO - 크롤링 성공: 2025-09-29 14:38:36.522783
2025-09-29 14:38:36,525 - INFO - 초기 크롤링 스케줄러 설정 완료 (월요일 5-6시, 30분 간격)
2025-09-29 14:38:36,525 - INFO - 재시도 크롤링 스케줄러 설정 완료 (월요일 7-23시, 1시간 간격)
2025-09-29 14:38:36,526 - INFO - 스케줄러 시작됨
2025-09-29 15:00:00,009 - INFO - 유효한 메뉴 없음, 크롤링 재시도
2025-09-29 15:00:00,009 - INFO - 유효한 메뉴 없음, 크롤링 재시도
2025-09-29 15:00:00,009 - INFO - 크롤링 시작
2025-09-29 15:00:00,009 - INFO - 크롤링 시작
2025-09-29 15:00:10,299 - INFO - 크롤링 성공: 2025-09-29 15:00:10.299066
2025-09-29 15:00:10,336 - INFO - 크롤링 성공: 2025-09-29 15:00:10.336917
2025-09-29 21:00:00,002 - INFO - 유효한 메뉴 없음, 크롤링 재시도
2025-09-29 21:00:00,004 - INFO - 크롤링 시작
2025-09-29 21:00:00,004 - INFO - 유효한 메뉴 없음, 크롤링 재시도
2025-09-29 21:00:00,005 - INFO - 크롤링 시작
2025-09-29 21:00:00,577 - ERROR - 크롤링 중 오류 발생: [Errno 32] Broken pipe
2025-09-29 21:00:00,662 - ERROR - 크롤링 중 오류 발생: [Errno 32] Broken pipe
2025-10-06 23:48:37,183 - INFO - 서버 시작
2025-10-06 23:48:37,186 - INFO - 저장된 메뉴가 오래됨, 새로운 크롤링 시작
2025-10-06 23:48:37,186 - INFO - 크롤링 시작
2025-10-06 23:48:37,221 - WARNING - 크롤링 실패: 데이터를 가져오지 못했습니다.
2025-10-06 23:48:37,226 - INFO - 초기 크롤링 스케줄러 설정 완료 (월요일 5-6시, 30분 간격)
2025-10-06 23:48:37,226 - INFO - 재시도 크롤링 스케줄러 설정 완료 (월요일 7-23시, 1시간 간격)
2025-10-06 23:48:37,227 - INFO - 스케줄러 시작됨
2025-10-06 23:48:48,682 - INFO - 서버 시작
2025-10-06 23:48:48,684 - INFO - 저장된 메뉴가 오래됨, 새로운 크롤링 시작
2025-10-06 23:48:48,684 - INFO - 크롤링 시작
2025-10-06 23:48:48,980 - INFO - 서버 시작
2025-10-06 23:48:48,981 - INFO - 저장된 메뉴가 오래됨, 새로운 크롤링 시작
2025-10-06 23:48:48,981 - INFO - 크롤링 시작
2025-10-06 23:48:48,675 - INFO - 크롤링 성공: 2025-10-06 23:48:48.675227
2025-10-06 23:48:48,677 - INFO - 초기 크롤링 스케줄러 설정 완료 (월요일 5-6시, 30분 간격)
2025-10-06 23:48:48,678 - INFO - 재시도 크롤링 스케줄러 설정 완료 (월요일 7-23시, 1시간 간격)
2025-10-06 23:48:48,679 - INFO - 스케줄러 시작됨
2025-10-06 23:48:49,146 - INFO - 서버 시작
2025-10-06 23:48:49,147 - INFO - 저장된 메뉴가 오래됨, 새로운 크롤링 시작
2025-10-06 23:48:49,147 - INFO - 크롤링 시작
2025-10-06 23:48:49,205 - ERROR - 크롤링 중 오류 발생: [Errno 32] Broken pipe
2025-10-06 23:48:49,207 - INFO - 초기 크롤링 스케줄러 설정 완료 (월요일 5-6시, 30분 간격)
2025-10-06 23:48:49,207 - INFO - 재시도 크롤링 스케줄러 설정 완료 (월요일 7-23시, 1시간 간격)
2025-10-06 23:48:49,209 - INFO - 스케줄러 시작됨
2025-10-06 23:48:50,776 - INFO - 크롤링 성공: 2025-10-06 23:48:50.776878
2025-10-06 23:48:50,778 - INFO - 초기 크롤링 스케줄러 설정 완료 (월요일 5-6시, 30분 간격)
2025-10-06 23:48:50,779 - INFO - 재시도 크롤링 스케줄러 설정 완료 (월요일 7-23시, 1시간 간격)
2025-10-06 23:48:50,780 - INFO - 스케줄러 시작됨
